执行node，路径/root/jd/scripts/jd_bean_change.js

🔔京东资产变动通知, 开始!

====================共4个京东账号Cookie=========

==================脚本执行- 北京时间(UTC+8)：3/4/2022, 6:34:05 PM=====================


********开始【京东账号1】fighthawklyl******

2022-03-04日过期京豆：0

2022-03-05日过期京豆：0

2022-03-06日过期京豆：0

2022-03-07日过期京豆：0

2022-03-08日过期京豆：0

2022-03-09日过期京豆：0

2022-03-10日过期京豆：0


==============📣系统通知📣==============
京东资产变动通知
账号1：fighthawklyl
今日收入：10京豆 🐶
昨日收入：12京豆 🐶
昨日支出：0京豆 🐶
当前京豆：49(今日将过期0)京豆🐶
当前总红包：0.21(今日总过期0.00)元 🧧
京喜红包：0.16(今日将过期0.00)元 🧧
极速红包：0.05(今日将过期0.00)元 🧧
京东红包：0.00(今日将过期0.00)元 🧧
健康红包：0.00(今日将过期0.00)元 🧧

********开始【京东账号2】jd_173260nbn******

2022-03-04日过期京豆：0

2022-03-05日过期京豆：0

2022-03-06日过期京豆：0

2022-03-07日过期京豆：0

2022-03-08日过期京豆：0

2022-03-09日过期京豆：0

2022-03-10日过期京豆：0


==============📣系统通知📣==============
京东资产变动通知
账号2：jd_173260nbn
今日收入：16京豆 🐶
昨日收入：12京豆 🐶
昨日支出：-3京豆 🐶
当前京豆：1991(今日将过期0)京豆🐶
当前总红包：0.72(今日总过期0.00)元 🧧
京喜红包：0.72(今日将过期0.00)元 🧧
极速红包：0.00(今日将过期0.00)元 🧧
京东红包：0.00(今日将过期0.00)元 🧧
健康红包：0.00(今日将过期0.00)元 🧧

********开始【京东账号3】雨下江南夜******

2022-03-04日过期京豆：3

2022-03-05日过期京豆：2

2022-03-06日过期京豆：22

2022-03-07日过期京豆：3

2022-03-08日过期京豆：2

2022-03-09日过期京豆：11

2022-03-10日过期京豆：3


==============📣系统通知📣==============
京东资产变动通知
账号3：雨下江南夜
今日收入：24京豆 🐶
昨日收入：4京豆 🐶
昨日支出：-19京豆 🐶
当前京豆：22961(今日将过期3)京豆🐶
当前总红包：0.29(今日总过期0.00)元 🧧
京喜红包：0.29(今日将过期0.00)元 🧧
极速红包：0.00(今日将过期0.00)元 🧧
京东红包：0.00(今日将过期0.00)元 🧧
健康红包：0.00(今日将过期0.00)元 🧧

********开始【京东账号4】Yc99802******

2022-03-04日过期京豆：0

2022-03-05日过期京豆：0

2022-03-06日过期京豆：0

2022-03-07日过期京豆：0

2022-03-08日过期京豆：0

2022-03-09日过期京豆：0

2022-03-10日过期京豆：0


==============📣系统通知📣==============
京东资产变动通知
账号4：Yc99802
今日收入：10京豆 🐶
昨日收入：24京豆 🐶
昨日支出：0京豆 🐶
当前京豆：352(今日将过期0)京豆🐶
当前总红包：0.77(今日总过期0.00)元 🧧
京喜红包：0.72(今日将过期0.00)元 🧧
极速红包：0.05(今日将过期0.00)元 🧧
京东红包：0.00(今日将过期0.00)元 🧧
健康红包：0.00(今日将过期0.00)元 🧧


您未提供server酱的SCKEY，取消微信推送消息通知🚫

您未提供push+推送所需的PUSH_PLUS_TOKEN，取消push+推送消息通知🚫

您未提供Bark的APP推送BARK_PUSH，取消Bark推送消息通知🚫

您未提供telegram机器人推送所需的TG_BOT_TOKEN和TG_USER_ID，取消telegram推送消息通知🚫

您未提供钉钉机器人推送所需的DD_BOT_TOKEN或者DD_BOT_SECRET，取消钉钉推送消息通知🚫

您未提供企业微信机器人推送所需的QYWX_KEY，取消企业微信推送消息通知🚫

您未提供企业微信应用消息推送所需的QYWX_AM，取消企业微信应用消息推送消息通知🚫

您未提供iGot的推送IGOT_PUSH_KEY，取消iGot推送消息通知🚫


🔔京东资产变动通知, 结束! 🕛 3.752 秒

您的操作系统为：Debian 架构：x86_64
